<?xml version="1.0" encoding="UTF-8"?>
<!-- Generated by org.testng.reporters.JUnitXMLReporter -->
<testsuite ignored="0" hostname="MC9011082220" failures="1" tests="1" name="Test" time="0.029" errors="0" timestamp="2023-03-21T22:39:19 IST">
  <testcase classname="crossbrowser.Crossbrowsertest" name="launchapp" time="0.0">
    <failure type="org.testng.TestNGException" message="
Parameter &amp;apos;Browser&amp;apos; is required by @Test on method launchapp but has not been marked @Optional or defined
in C:\Users\hvanum\git\repository\commerceform\testng.xml">
      <![CDATA[org.testng.TestNGException: 
Parameter 'Browser' is required by @Test on method launchapp but has not been marked @Optional or defined
in C:\Users\hvanum\git\repository\commerceform\testng.xml
at java.base/java.util.ArrayList.forEach(ArrayList.java:1511)
... Removed 26 stack frames]]>
    </failure>
  </testcase> <!-- launchapp -->
</testsuite> <!-- Test -->
